
[11/10/20 20:29:47]  Versao TInject: 3.1.0.0
[11/10/20 20:29:47]  Versao  JS.ABR: 1.0.0.9
[11/10/20 20:29:47]  Versao     CEF: 78.3.0
[11/10/20 20:29:47]   
[11/10/20 20:29:50 - CONSOLE IGNORADO]  
Uncaught TypeError: Cannot read property 'toDataURL' of undefined
[11/10/20 20:30:29 - TResultQRCodeClass]  
{
    "result": [
    ]
}

[11/10/20 20:30:30 - CONSOLE]  
{"name":"getMyNumber","result":"{\"result\":\"553498813859@c.us\"}"}
[11/10/20 20:30:30 - TResponseMyNumber]  
{
    "result": "553498813859@c.us"
}

[11/10/20 20:30:31 - CONSOLE]  
{"name":"getUnreadMessages","result":"{\"result\":[{\"id\":\"553484190903@c.us\",\"pendingMsgs\":false,\"lastReceivedKey\":{\"fromMe\":false,\"remote\":\"553484190903@c.us\",\"id\":\"6FA19E580DCDDEE2D6E95D61EC355257\",\"_serialized\":\"false_553484190903@c.us_6FA19E580DCDDEE2D6E95D61EC355257\"},\"t\":1601060852,\"unreadCount\":1,\"archive\":false,\"isReadOnly\":false,\"muteExpiration\":0,\"notSpam\":false,\"pin\":0,\"msgs\":null,\"kind\":\"chat\",\"isGroup\":false,\"formattedTitle\":\"+55 34 8419-0903\",\"contact\":{\"id\":\"553484190903@c.us\",\"pushname\":\"Luciola Veloso\",\"type\":\"in\",\"isBusiness\":false,\"isEnterprise\":false,\"statusMute\":false,\"labels\":[],\"formattedName\":\"+55 34 8419-0903\",\"isMe\":false,\"isMyContact\":false,\"isPSA\":false,\"isUser\":true,\"isWAContact\":true,\"profilePicThumbObj\":{\"eurl\":\"https://pps.whatsapp.net/v/t61.24694-24/55963737_288754765376308_719555438969880576_n.jpg?oh=2383c1ba3fcf50ac29914d73147acacd&oe=5F87C12D\",\"id\":\"553484190903@c.us\",\"img\":\"https://web.whatsapp.com/pp?e=https%3A%2F%2Fpps.whatsapp.net%2Fv%2Ft61.24694-24%2F55963737_288754765376308_719555438969880576_n.jpg%3Foh%3D2383c1ba3fcf50ac29914d73147acacd%26oe%3D5F87C12D&t=s&u=553484190903%40c.us&i=1542971533&n=TR6N6%2By116ub6uIbxXmM4MI10zCNXKBU2cGhEaubYc4%3D\",\"imgFull\":\"https://web.whatsapp.com/pp?e=https%3A%2F%2Fpps.whatsapp.net%2Fv%2Ft61.24694-24%2F55963737_288754765376308_719555438969880576_n.jpg%3Foh%3D2383c1ba3fcf50ac29914d73147acacd%26oe%3D5F87C12D&t=l&u=553484190903%40c.us&i=1542971533&n=TR6N6%2By116ub6uIbxXmM4MI10zCNXKBU2cGhEaubYc4%3D\",\"raw\":null,\"tag\":\"1542971533\"},\"msgs\":null},\"groupMetadata\":null,\"presence\":{\"id\":\"553484190903@c.us\",\"chatstates\":[]},\"messages\":[{\"id\":\"false_553484190903@c.us_6FA19E580DCDDEE2D6E95D61EC355257\",\"body\":\"/9j/4AAQSkZJRgABAQAAAQABAAD/2wCEABsbGxscGx4hIR4qLSgtKj04MzM4PV1CR0JHQl2NWGdYWGdYjX2Xe3N7l33gsJycsOD/2c7Z//////////////8BGxsbGxwbHiEhHiotKC0qPTgzMzg9XUJHQkdCXY1YZ1hYZ1iNfZd7c3uXfeCwnJyw4P/Zztn////////////////CABEIAEMAQwMBIgACEQEDEQH/xAAwAAACAwEAAAAAAAAAAAAAAAAAAwECBAUBAAMBAQEAAAAAAAAAAAAAAAABAgMEBf/aAAwDAQACEAMQAAAA5E10Y+mk6WVxnAnUiYAAFuy7MenHR+iFUUlC1bnugYVB9WmPS8rNRRxrVWSkIelWosCfCoVS3OONK02c3rWE4IAbQFrWAeQA5iwAAKv/xAAnEAACAQMDBAICAwAAAAAAAAABAgADERIEITEQE0FRIkIgMjBxkf/aAAgBAQABPwC/8WmorVqAMbCVaNBKuAXa3MrUVpqCrEyzepY+pifR6vovKNKDFdUqzV1anebc2ha+mT+4D8f03t7luSF8e4XRMbrKrU2N0W3QVnoioObzSIWqtVMrBGAytzG06sgCta0PeT6gid5gCCog1FhbBYzXJMvCA42IYREwcFRKmLMcjaCwtcgGbtwwJjjwyxqaHjaNTYdFuuJVrQVxY5/6IQr7obwv4YRa6gcR6oIhcDiM5Myg/Wn8vMYkqwy+0Gx2NjA+WzSw+saCxjAdMm2F4WPkwtMzMzO6fUzhcno35jp//8QAGhEAAQUBAAAAAAAAAAAAAAAAAAERIDFAUf/aAAgBAgEBPwAaHRax/wD/xAAcEQACAwADAQAAAAAAAAAAAAABAgAQEQMSMSD/2gAIAQMBAT8ALdRpg5exGLNtmZsUxMDbtCbCsyD4NbTew0Pa/9k=\",\"type\":\"image\",\"t\":1601060852,\"notifyName\":\"\",\"from\":\"553484190903@c.us\",\"to\":\"553498813859@c.us\",\"self\":\"in\",\"ack\":-1,\"invis\":true,\"star\":false,\"caption\":\"Isso mesmo! Enquanto no primeiro passo voce precisa de muita coragem, no segundo ja sente mais forca e confianca para seguir em frente. E com o Consorcio Embracon cada etapa se torna ainda mais facil. Vamos comecar? Estamos aqui para ajudar voce!\\r\\nEmbracon #SonhoRealizado\\nhttps://www.embracon.com.br/consultor/luciola.veloso\",\"interactiveAnnotations\":[],\"clientUrl\":\"https://mmg.whatsapp.net/d/f/AkIxL0CWSGS43CXNHoa3YVqSL01iCMkauZ22foQX7hz5.enc\",\"directPath\":\"/v/t62.7118-24/35390166_209460643896525_1411898505446607635_n.enc?oh=541bf063efae16bd8d42a48eb7a4b9bf&oe=5F9607BF\",\"mimetype\":\"image/jpeg\",\"filehash\":\"SC7ZlV6Jmfb4tOuImFY/nNLCEZQdWVB+0Je+e2PTk/8=\",\"uploadhash\":\"4y6XkkoLEipbRcgCGnRnmtd2DvNshwymTJ0n4dVxyU0=\",\"size\":183632,\"mediaKey\":\"GzuqIxYEKYkpOCO2A1P4wfIu4TiN4vEJaVFavAxZWmo=\",\"mediaKeyTimestamp\":1601051371,\"isViewOnce\":false,\"width\":1080,\"height\":1080,\"scanLengths\":[12295,171337],\"scansSidecar\":{},\"broadcast\":false,\"mentionedJidList\":[],\"isVcardOverMmsDocument\":false,\"isForwarded\":false,\"labels\":[],\"pendingAckUpdate\":{\"_promise\":{\"_flags\":13,\"_resolveLevel\":1,\"_thenableParent\":null},\"_maxDelay\":-1},\"chatId\":\"553484190903@c.us\",\"fromMe\":false,\"sender\":{\"id\":\"553484190903@c.us\",\"pushname\":\"Luciola Veloso\",\"type\":\"in\",\"isBusiness\":false,\"isEnterprise\":false,\"statusMute\":false,\"labels\":[],\"formattedName\":\"+55 34 8419-0903\",\"isMe\":false,\"isMyContact\":false,\"isPSA\":false,\"isUser\":true,\"isWAContact\":true,\"profilePicThumbObj\":{\"eurl\":\"https://pps.whatsapp.net/v/t61.24694-24/55963737_288754765376308_719555438969880576_n.jpg?oh=2383c1ba3fcf50ac29914d73147acacd&oe=5F87C12D\",\"id\":\"553484190903@c.us\",\"img\":\"https://web.whatsapp.com/pp?e=https%3A%2F%2Fpps.whatsapp.net%2Fv%2Ft61.24694-24%2F55963737_288754765376308_719555438969880576_n.jpg%3Foh%3D2383c1ba3fcf50ac29914d73147acacd%26oe%3D5F87C12D&t=s&u=553484190903%40c.us&i=1542971533&n=TR6N6%2By116ub6uIbxXmM4MI10zCNXKBU2cGhEaubYc4%3D\",\"imgFull\":\"https://web.whatsapp.com/pp?e=https%3A%2F%2Fpps.whatsapp.net%2Fv%2Ft61.24694-24%2F55963737_288754765376308_719555438969880576_n.jpg%3Foh%3D2383c1ba3fcf50ac29914d73147acacd%26oe%3D5F87C12D&t=l&u=553484190903%40c.us&i=1542971533&n=TR6N6%2By116ub6uIbxXmM4MI10zCNXKBU2cGhEaubYc4%3D\",\"raw\":null,\"tag\":\"1542971533\"},\"msgs\":null},\"timestamp\":1601060852,\"content\":\"/9j/4AAQSkZJRgABAQAAAQABAAD/2wCEABsbGxscGx4hIR4qLSgtKj04MzM4PV1CR0JHQl2NWGdYWGdYjX2Xe3N7l33gsJycsOD/2c7Z//////////////8BGxsbGxwbHiEhHiotKC0qPTgzMzg9XUJHQkdCXY1YZ1hYZ1iNfZd7c3uXfeCwnJyw4P/Zztn////////////////CABEIAEMAQwMBIgACEQEDEQH/xAAwAAACAwEAAAAAAAAAAAAAAAAAAwECBAUBAAMBAQEAAAAAAAAAAAAAAAABAgMEBf/aAAwDAQACEAMQAAAA5E10Y+mk6WVxnAnUiYAAFuy7MenHR+iFUUlC1bnugYVB9WmPS8rNRRxrVWSkIelWosCfCoVS3OONK02c3rWE4IAbQFrWAeQA5iwAAKv/xAAnEAACAQMDBAICAwAAAAAAAAABAgADERIEITEQE0FRIkIgMjBxkf/aAAgBAQABPwC/8WmorVqAMbCVaNBKuAXa3MrUVpqCrEyzepY+pifR6vovKNKDFdUqzV1anebc2ha+mT+4D8f03t7luSF8e4XRMbrKrU2N0W3QVnoioObzSIWqtVMrBGAytzG06sgCta0PeT6gid5gCCog1FhbBYzXJMvCA42IYREwcFRKmLMcjaCwtcgGbtwwJjjwyxqaHjaNTYdFuuJVrQVxY5/6IQr7obwv4YRa6gcR6oIhcDiM5Myg/Wn8vMYkqwy+0Gx2NjA+WzSw+saCxjAdMm2F4WPkwtMzMzO6fUzhcno35jp//8QAGhEAAQUBAAAAAAAAAAAAAAAAAAERIDFAUf/aAAgBAgEBPwAaHRax/wD/xAAcEQACAwADAQAAAAAAAAAAAAABAgAQEQMSMSD/2gAIAQMBAT8ALdRpg5exGLNtmZsUxMDbtCbCsyD4NbTew0Pa/9k=\",\"isGroupMsg\":false,\"isMMS\":true,\"isMedia\":true,\"isNotification\":false,\"isPSA\":false,\"chat\":{\"id\":\"553484190903@c.us\",\"pendingMsgs\":false,\"lastReceivedKey\":{\"fromMe\":false,\"remote\":\"553484190903@c.us\",\"id\":\"6FA19E580DCDDEE2D6E95D61EC355257\",\"_serialized\":\"false_553484190903@c.us_6FA19E580DCDDEE2D6E95D61EC355257\"},\"t\":1601060852,\"unreadCount\":1,\"archive\":false,\"isReadOnly\":false,\"muteExpiration\":0,\"notSpam\":false,\"pin\":0,\"msgs\":null,\"kind\":\"chat\",\"isGroup\":false,\"formattedTitle\":\"+55 34 8419-0903\",\"contact\":{\"id\":\"553484190903@c.us\",\"pushname\":\"Luciola Veloso\",\"type\":\"in\",\"isBusiness\":false,\"isEnterprise\":false,\"statusMute\":false,\"labels\":[],\"formattedName\":\"+55 34 8419-0903\",\"isMe\":false,\"isMyContact\":false,\"isPSA\":false,\"isUser\":true,\"isWAContact\":true,\"profilePicThumbObj\":{\"eurl\":\"https://pps.whatsapp.net/v/t61.24694-24/55963737_288754765376308_719555438969880576_n.jpg?oh=2383c1ba3fcf50ac29914d73147acacd&oe=5F87C12D\",\"id\":\"553484190903@c.us\",\"img\":\"https://web.whatsapp.com/pp?e=https%3A%2F%2Fpps.whatsapp.net%2Fv%2Ft61.24694-24%2F55963737_288754765376308_719555438969880576_n.jpg%3Foh%3D2383c1ba3fcf50ac29914d73147acacd%26oe%3D5F87C12D&t=s&u=553484190903%40c.us&i=1542971533&n=TR6N6%2By116ub6uIbxXmM4MI10zCNXKBU2cGhEaubYc4%3D\",\"imgFull\":\"https://web.whatsapp.com/pp?e=https%3A%2F%2Fpps.whatsapp.net%2Fv%2Ft61.24694-24%2F55963737_288754765376308_719555438969880576_n.jpg%3Foh%3D2383c1ba3fcf50ac29914d73147acacd%26oe%3D5F87C12D&t=l&u=553484190903%40c.us&i=1542971533&n=TR6N6%2By116ub6uIbxXmM4MI10zCNXKBU2cGhEaubYc4%3D\",\"raw\":null,\"tag\":\"1542971533\"},\"msgs\":null},\"groupMetadata\":null,\"presence\":{\"id\":\"553484190903@c.us\",\"chatstates\":[]}},\"quotedMsgObj\":null,\"mediaData\":{\"type\":\"image\",\"mediaStage\":\"INIT\",\"size\":183632,\"filehash\":\"SC7ZlV6Jmfb4tOuImFY/nNLCEZQdWVB+0Je+e2PTk/8=\",\"mimetype\":\"image/jpeg\",\"mediaBlob\":null,\"fullHeight\":1080,\"fullWidth\":1080,\"aspectRatio\":1,\"animationDuration\":0,\"animatedAsNewMsg\":false,\"isViewOnce\":false,\"preview\":{\"_retainCount\":1,\"_inAutoreleasePool\":false,\"released\":false,\"_b64\":\"/9j/4AAQSkZJRgABAQAAAQABAAD/2wCEABsbGxscGx4hIR4qLSgtKj04MzM4PV1CR0JHQl2NWGdYWGdYjX2Xe3N7l33gsJycsOD/2c7Z//////////////8BGxsbGxwbHiEhHiotKC0qPTgzMzg9XUJHQkdCXY1YZ1hYZ1iNfZd7c3uXfeCwnJyw4P/Zztn////////////////CABEIAEMAQwMBIgACEQEDEQH/xAAwAAACAwEAAAAAAAAAAAAAAAAAAwECBAUBAAMBAQEAAAAAAAAAAAAAAAABAgMEBf/aAAwDAQACEAMQAAAA5E10Y+mk6WVxnAnUiYAAFuy7MenHR+iFUUlC1bnugYVB9WmPS8rNRRxrVWSkIelWosCfCoVS3OONK02c3rWE4IAbQFrWAeQA5iwAAKv/xAAnEAACAQMDBAICAwAAAAAAAAABAgADERIEITEQE0FRIkIgMjBxkf/aAAgBAQABPwC/8WmorVqAMbCVaNBKuAXa3MrUVpqCrEyzepY+pifR6vovKNKDFdUqzV1anebc2ha+mT+4D8f03t7luSF8e4XRMbrKrU2N0W3QVnoioObzSIWqtVMrBGAytzG06sgCta0PeT6gid5gCCog1FhbBYzXJMvCA42IYREwcFRKmLMcjaCwtcgGbtwwJjjwyxqaHjaNTYdFuuJVrQVxY5/6IQr7obwv4YRa6gcR6oIhcDiM5Myg/Wn8vMYkqwy+0Gx2NjA+WzSw+saCxjAdMm2F4WPkwtMzMzO6fUzhcno35jp//8QAGhEAAQUBAAAAAAAAAAAAAAAAAAERIDFAUf/aAAgBAgEBPwAaHRax/wD/xAAcEQACAwADAQAAAAAAAAAAAAABAgAQEQMSMSD/2gAIAQMBAT8ALdRpg5exGLNtmZsUxMDbtCbCsyD4NbTew0Pa/9k=\",\"_mimetype\":\"image/jpeg\"},\"_swStreamingSupported\":false,\"_listeningToSwSupport\":false,\"isVcardOverMmsDocument\":false}}]},{\"id\":\"553491587421@c.us\",\"pendingMsgs\":false,\"lastReceivedKey\":{\"fromMe\":false,\"remote\":\"553491587421@c.us\",\"id\":\"3EB02BCB9ABFB0E60C9F\",\"_serialized\":\"false_553491587421@c.us_3EB02BCB9ABFB0E60C9F\"},\"t\":1600803584,\"unreadCount\":4,\"archive\":false,\"isReadOnly\":false,\"muteExpiration\":0,\"notSpam\":true,\"pin\":0,\"msgs\":null,\"kind\":\"chat\",\"isGroup\":false,\"formattedTitle\":\"+55 34 9158-7421\",\"contact\":{\"id\":\"553491587421@c.us\",\"pushname\":\"Loja.softarena.com.br\",\"type\":\"in\",\"isBusiness\":false,\"isEnterprise\":false,\"statusMute\":false,\"labels\":[],\"formattedName\":\"+55 34 9158-7421\",\"isMe\":false,\"isMyContact\":false,\"isPSA\":false,\"isUser\":true,\"isWAContact\":true,\"profilePicThumbObj\":{\"eurl\":\"https://pps.whatsapp.net/v/t61.24694-24/121056507_420507692261279_4150670700045282956_n.jpg?oh=a0c2780a2fa8b9086e677db62f09eac3&oe=5F88BFCC\",\"id\":\"553491587421@c.us\",\"img\":\"https://web.whatsapp.com/pp?e=https%3A%2F%2Fpps.whatsapp.net%2Fv%2Ft61.24694-24%2F121056507_420507692261279_4150670700045282956_n.jpg%3Foh%3Da0c2780a2fa8b9086e677db62f09eac3%26oe%3D5F88BFCC&t=s&u=553491587421%40c.us&i=1602189921&n=fXbp7DQOLayz%2B0P5q%2FPXIZ%2BeCD%2FAtYpPim%2BO%2BUacEo8%3D\",\"imgFull\":\"https://web.whatsapp.com/pp?e=https%3A%2F%2Fpps.whatsapp.net%2Fv%2Ft61.24694-24%2F121056507_420507692261279_4150670700045282956_n.jpg%3Foh%3Da0c2780a2fa8b9086e677db62f09eac3%26oe%3D5F88BFCC&t=l&u=553491587421%40c.us&i=1602189921&n=fXbp7DQOLayz%2B0P5q%2FPXIZ%2BeCD%2FAtYpPim%2BO%2BUacEo8%3D\",\"raw\":null,\"tag\":\"1602189921\"},\"msgs\":null},\"groupMetadata\":null,\"presence\":{\"id\":\"553491587421@c.us\",\"chatstates\":[]},\"messages\":[{\"id\":\"false_553491587421@c.us_3EB02BCB9ABFB0E60C9F\",\"body\":\"169,64\",\"type\":\"chat\",\"t\":1600803584,\"notifyName\":\"\",\"from\":\"553491587421@c.us\",\"to\":\"553498813859@c.us\",\"self\":\"in\",\"ack\":-1,\"invis\":true,\"star\":false,\"broadcast\":false,\"mentionedJidList\":[],\"isVcardOverMmsDocument\":false,\"isForwarded\":false,\"labels\":[],\"pendingAckUpdate\":{\"_promise\":{\"_flags\":13,\"_resolveLevel\":1,\"_thenableParent\":null},\"_maxDelay\":-1},\"chatId\":\"553491587421@c.us\",\"fromMe\":false,\"sender\":{\"id\":\"553491587421@c.us\",\"pushname\":\"Loja.softarena.com.br\",\"type\":\"in\",\"isBusiness\":false,\"isEnterprise\":false,\"statusMute\":false,\"labels\":[],\"formattedName\":\"+55 34 9158-7421\",\"isMe\":false,\"isMyContact\":false,\"isPSA\":false,\"isUser\":true,\"isWAContact\":true,\"profilePicThumbObj\":{\"eurl\":\"https://pps.whatsapp.net/v/t61.24694-24/121056507_420507692261279_4150670700045282956_n.jpg?oh=a0c2780a2fa8b9086e677db62f09eac3&oe=5F88BFCC\",\"id\":\"553491587421@c.us\",\"img\":\"https://web.whatsapp.com/pp?e=https%3A%2F%2Fpps.whatsapp.net%2Fv%2Ft61.24694-24%2F121056507_420507692261279_4150670700045282956_n.jpg%3Foh%3Da0c2780a2fa8b9086e677db62f09eac3%26oe%3D5F88BFCC&t=s&u=553491587421%40c.us&i=1602189921&n=fXbp7DQOLayz%2B0P5q%2FPXIZ%2BeCD%2FAtYpPim%2BO%2BUacEo8%3D\",\"imgFull\":\"https://web.whatsapp.com/pp?e=https%3A%2F%2Fpps.whatsapp.net%2Fv%2Ft61.24694-24%2F121056507_420507692261279_4150670700045282956_n.jpg%3Foh%3Da0c2780a2fa8b9086e677db62f09eac3%26oe%3D5F88BFCC&t=l&u=553491587421%40c.us&i=1602189921&n=fXbp7DQOLayz%2B0P5q%2FPXIZ%2BeCD%2FAtYpPim%2BO%2BUacEo8%3D\",\"raw\":null,\"tag\":\"1602189921\"},\"msgs\":null},\"timestamp\":1600803584,\"content\":\"169,64\",\"isGroupMsg\":false,\"isMMS\":false,\"isMedia\":false,\"isNotification\":false,\"isPSA\":false,\"chat\":{\"id\":\"553491587421@c.us\",\"pendingMsgs\":false,\"lastReceivedKey\":{\"fromMe\":false,\"remote\":\"553491587421@c.us\",\"id\":\"3EB02BCB9ABFB0E60C9F\",\"_serialized\":\"false_553491587421@c.us_3EB02BCB9ABFB0E60C9F\"},\"t\":1600803584,\"unreadCount\":4,\"archive\":false,\"isReadOnly\":false,\"muteExpiration\":0,\"notSpam\":true,\"pin\":0,\"msgs\":null,\"kind\":\"chat\",\"isGroup\":false,\"formattedTitle\":\"+55 34 9158-7421\",\"contact\":{\"id\":\"553491587421@c.us\",\"pushname\":\"Loja.softarena.com.br\",\"type\":\"in\",\"isBusiness\":false,\"isEnterprise\":false,\"statusMute\":false,\"labels\":[],\"formattedName\":\"+55 34 9158-7421\",\"isMe\":false,\"isMyContact\":false,\"isPSA\":false,\"isUser\":true,\"isWAContact\":true,\"profilePicThumbObj\":{\"eurl\":\"https://pps.whatsapp.net/v/t61.24694-24/121056507_420507692261279_4150670700045282956_n.jpg?oh=a0c2780a2fa8b9086e677db62f09eac3&oe=5F88BFCC\",\"id\":\"553491587421@c.us\",\"img\":\"https://web.whatsapp.com/pp?e=https%3A%2F%2Fpps.whatsapp.net%2Fv%2Ft61.24694-24%2F121056507_420507692261279_4150670700045282956_n.jpg%3Foh%3Da0c2780a2fa8b9086e677db62f09eac3%26oe%3D5F88BFCC&t=s&u=553491587421%40c.us&i=1602189921&n=fXbp7DQOLayz%2B0P5q%2FPXIZ%2BeCD%2FAtYpPim%2BO%2BUacEo8%3D\",\"imgFull\":\"https://web.whatsapp.com/pp?e=https%3A%2F%2Fpps.whatsapp.net%2Fv%2Ft61.24694-24%2F121056507_420507692261279_4150670700045282956_n.jpg%3Foh%3Da0c2780a2fa8b9086e677db62f09eac3%26oe%3D5F88BFCC&t=l&u=553491587421%40c.us&i=1602189921&n=fXbp7DQOLayz%2B0P5q%2FPXIZ%2BeCD%2FAtYpPim%2BO%2BUacEo8%3D\",\"raw\":null,\"tag\":\"1602189921\"},\"msgs\":null},\"groupMetadata\":null,\"presence\":{\"id\":\"553491587421@c.us\",\"chatstates\":[]}},\"quotedMsgObj\":null,\"mediaData\":{}}]}]}"}
[11/10/20 20:30:31 - TChatList]  
{
    "result": [
        {
            "id": "553484190903@c.us",
            "pendingMsgs": false,
            "lastReceivedKey": {
                "fromMe": false,
                "remote": "553484190903@c.us",
                "id": "6FA19E580DCDDEE2D6E95D61EC355257",
                "_serialized": "false_553484190903@c.us_6FA19E580DCDDEE2D6E95D61EC355257"
            },
            "t": 1601060852,
            "unreadCount": 1,
            "archive": false,
            "isReadOnly": false,
            "muteExpiration": 0,
            "notSpam": false,
            "pin": 0,
            "msgs": null,
            "kind": "chat",
            "isGroup": false,
            "formattedTitle": "+55 34 8419-0903",
            "contact": {
                "id": "553484190903@c.us",
                "pushname": "Luciola Veloso",
                "type": "in",
                "isBusiness": false,
                "isEnterprise": false,
                "statusMute": false,
                "labels": [
                ],
                "formattedName": "+55 34 8419-0903",
                "isMe": false,
                "isMyContact": false,
                "isPSA": false,
                "isUser": true,
                "isWAContact": true,
                "profilePicThumbObj": {
                    "eurl": "https:\/\/pps.whatsapp.net\/v\/t61.24694-24\/55963737_288754765376308_719555438969880576_n.jpg?oh=2383c1ba3fcf50ac29914d73147acacd&oe=5F87C12D",
                    "id": "553484190903@c.us",
                    "img": "https:\/\/web.whatsapp.com\/pp?e=https%3A%2F%2Fpps.whatsapp.net%2Fv%2Ft61.24694-24%2F55963737_288754765376308_719555438969880576_n.jpg%3Foh%3D2383c1ba3fcf50ac29914d73147acacd%26oe%3D5F87C12D&t=s&u=553484190903%40c.us&i=1542971533&n=TR6N6%2By116ub6uIbxXmM4MI10zCNXKBU2cGhEaubYc4%3D",
                    "imgFull": "https:\/\/web.whatsapp.com\/pp?e=https%3A%2F%2Fpps.whatsapp.net%2Fv%2Ft61.24694-24%2F55963737_288754765376308_719555438969880576_n.jpg%3Foh%3D2383c1ba3fcf50ac29914d73147acacd%26oe%3D5F87C12D&t=l&u=553484190903%40c.us&i=1542971533&n=TR6N6%2By116ub6uIbxXmM4MI10zCNXKBU2cGhEaubYc4%3D",
                    "raw": null,
                    "tag": "1542971533"
                },
                "msgs": null
            },
            "groupMetadata": null,
            "presence": {
                "id": "553484190903@c.us",
                "chatstates": [
                ]
            },
            "messages": [
                {
                    "id": "false_553484190903@c.us_6FA19E580DCDDEE2D6E95D61EC355257",
                    "body": "\/9j\/4AAQSkZJRgABAQAAAQABAAD\/2wCEABsbGxscGx4hIR4qLSgtKj04MzM4PV1CR0JHQl2NWGdYWGdYjX2Xe3N7l33gsJycsOD\/2c7Z\/\/\/\/\/\/\/\/\/\/\/\/\/\/8BGxsbGxwbHiEhHiotKC0qPTgzMzg9XUJHQkdCXY1YZ1hYZ1iNfZd7c3uXfeCwnJyw4P\/Zztn\/\/\/\/\/\/\/\/\/\/\/\/\/\/\/\/CABEIAEMAQwMBIgACEQEDEQH\/xAAwAAACAwEAAAAAAAAAAAAAAAAAAwECBAUBAAMBAQEAAAAAAAAAAAAAAAABAgMEBf\/aAAwDAQACEAMQAAAA5E10Y+mk6WVxnAnUiYAAFuy7MenHR+iFUUlC1bnugYVB9WmPS8rNRRxrVWSkIelWosCfCoVS3OONK02c3rWE4IAbQFrWAeQA5iwAAKv\/xAAnEAACAQMDBAICAwAAAAAAAAABAgADERIEITEQE0FRIkIgMjBxkf\/aAAgBAQABPwC\/8WmorVqAMbCVaNBKuAXa3MrUVpqCrEyzepY+pifR6vovKNKDFdUqzV1anebc2ha+mT+4D8f03t7luSF8e4XRMbrKrU2N0W3QVnoioObzSIWqtVMrBGAytzG06sgCta0PeT6gid5gCCog1FhbBYzXJMvCA42IYREwcFRKmLMcjaCwtcgGbtwwJjjwyxqaHjaNTYdFuuJVrQVxY5\/6IQr7obwv4YRa6gcR6oIhcDiM5Myg\/Wn8vMYkqwy+0Gx2NjA+WzSw+saCxjAdMm2F4WPkwtMzMzO6fUzhcno35jp\/\/8QAGhEAAQUBAAAAAAAAAAAAAAAAAAERIDFAUf\/aAAgBAgEBPwAaHRax\/wD\/xAAcEQACAwADAQAAAAAAAAAAAAABAgAQEQMSMSD\/2gAIAQMBAT8ALdRpg5exGLNtmZsUxMDbtCbCsyD4NbTew0Pa\/9k=",
                    "type": "image",
                    "t": 1601060852,
                    "notifyName": "",
                    "from": "553484190903@c.us",
                    "to": "553498813859@c.us",
                    "self": "in",
                    "ack": -1,
                    "invis": true,
                    "star": false,
                    "caption": "Isso mesmo! Enquanto no primeiro passo voce precisa de muita coragem, no segundo ja sente mais forca e confianca para seguir em frente. E com o Consorcio Embracon cada etapa se torna ainda mais facil. Vamos comecar? Estamos aqui para ajudar voce!\r\nEmbracon #SonhoRealizado\nhttps:\/\/www.embracon.com.br\/consultor\/luciola.veloso",
                    "interactiveAnnotations": [
                    ],
                    "clientUrl": "https:\/\/mmg.whatsapp.net\/d\/f\/AkIxL0CWSGS43CXNHoa3YVqSL01iCMkauZ22foQX7hz5.enc",
                    "directPath": "\/v\/t62.7118-24\/35390166_209460643896525_1411898505446607635_n.enc?oh=541bf063efae16bd8d42a48eb7a4b9bf&oe=5F9607BF",
                    "mimetype": "image\/jpeg",
                    "filehash": "SC7ZlV6Jmfb4tOuImFY\/nNLCEZQdWVB+0Je+e2PTk\/8=",
                    "uploadhash": "4y6XkkoLEipbRcgCGnRnmtd2DvNshwymTJ0n4dVxyU0=",
                    "size": 183632,
                    "mediaKey": "GzuqIxYEKYkpOCO2A1P4wfIu4TiN4vEJaVFavAxZWmo=",
                    "mediaKeyTimestamp": 1601051371,
                    "isViewOnce": false,
                    "width": 1080,
                    "height": 1080,
                    "scanLengths": [
                        12295,
                        171337
                    ],
                    "scansSidecar": {
                    },
                    "broadcast": false,
                    "mentionedJidList": [
                    ],
                    "isVcardOverMmsDocument": false,
                    "isForwarded": false,
                    "labels": [
                    ],
                    "pendingAckUpdate": {
                        "_promise": {
                            "_flags": 13,
                            "_resolveLevel": 1,
                            "_thenableParent": null
                        },
                        "_maxDelay": -1
                    },
                    "chatId": "553484190903@c.us",
                    "fromMe": false,
                    "sender": {
                        "id": "553484190903@c.us",
                        "pushname": "Luciola Veloso",
                        "type": "in",
                        "isBusiness": false,
                        "isEnterprise": false,
                        "statusMute": false,
                        "labels": [
                        ],
                        "formattedName": "+55 34 8419-0903",
                        "isMe": false,
                        "isMyContact": false,
                        "isPSA": false,
                        "isUser": true,
                        "isWAContact": true,
                        "profilePicThumbObj": {
                            "eurl": "https:\/\/pps.whatsapp.net\/v\/t61.24694-24\/55963737_288754765376308_719555438969880576_n.jpg?oh=2383c1ba3fcf50ac29914d73147acacd&oe=5F87C12D",
                            "id": "553484190903@c.us",
                            "img": "https:\/\/web.whatsapp.com\/pp?e=https%3A%2F%2Fpps.whatsapp.net%2Fv%2Ft61.24694-24%2F55963737_288754765376308_719555438969880576_n.jpg%3Foh%3D2383c1ba3fcf50ac29914d73147acacd%26oe%3D5F87C12D&t=s&u=553484190903%40c.us&i=1542971533&n=TR6N6%2By116ub6uIbxXmM4MI10zCNXKBU2cGhEaubYc4%3D",
                            "imgFull": "https:\/\/web.whatsapp.com\/pp?e=https%3A%2F%2Fpps.whatsapp.net%2Fv%2Ft61.24694-24%2F55963737_288754765376308_719555438969880576_n.jpg%3Foh%3D2383c1ba3fcf50ac29914d73147acacd%26oe%3D5F87C12D&t=l&u=553484190903%40c.us&i=1542971533&n=TR6N6%2By116ub6uIbxXmM4MI10zCNXKBU2cGhEaubYc4%3D",
                            "raw": null,
                            "tag": "1542971533"
                        },
                        "msgs": null
                    },
                    "timestamp": 1601060852,
                    "content": "\/9j\/4AAQSkZJRgABAQAAAQABAAD\/2wCEABsbGxscGx4hIR4qLSgtKj04MzM4PV1CR0JHQl2NWGdYWGdYjX2Xe3N7l33gsJycsOD\/2c7Z\/\/\/\/\/\/\/\/\/\/\/\/\/\/8BGxsbGxwbHiEhHiotKC0qPTgzMzg9XUJHQkdCXY1YZ1hYZ1iNfZd7c3uXfeCwnJyw4P\/Zztn\/\/\/\/\/\/\/\/\/\/\/\/\/\/\/\/CABEIAEMAQwMBIgACEQEDEQH\/xAAwAAACAwEAAAAAAAAAAAAAAAAAAwECBAUBAAMBAQEAAAAAAAAAAAAAAAABAgMEBf\/aAAwDAQACEAMQAAAA5E10Y+mk6WVxnAnUiYAAFuy7MenHR+iFUUlC1bnugYVB9WmPS8rNRRxrVWSkIelWosCfCoVS3OONK02c3rWE4IAbQFrWAeQA5iwAAKv\/xAAnEAACAQMDBAICAwAAAAAAAAABAgADERIEITEQE0FRIkIgMjBxkf\/aAAgBAQABPwC\/8WmorVqAMbCVaNBKuAXa3MrUVpqCrEyzepY+pifR6vovKNKDFdUqzV1anebc2ha+mT+4D8f03t7luSF8e4XRMbrKrU2N0W3QVnoioObzSIWqtVMrBGAytzG06sgCta0PeT6gid5gCCog1FhbBYzXJMvCA42IYREwcFRKmLMcjaCwtcgGbtwwJjjwyxqaHjaNTYdFuuJVrQVxY5\/6IQr7obwv4YRa6gcR6oIhcDiM5Myg\/Wn8vMYkqwy+0Gx2NjA+WzSw+saCxjAdMm2F4WPkwtMzMzO6fUzhcno35jp\/\/8QAGhEAAQUBAAAAAAAAAAAAAAAAAAERIDFAUf\/aAAgBAgEBPwAaHRax\/wD\/xAAcEQACAwADAQAAAAAAAAAAAAABAgAQEQMSMSD\/2gAIAQMBAT8ALdRpg5exGLNtmZsUxMDbtCbCsyD4NbTew0Pa\/9k=",
                    "isGroupMsg": false,
                    "isMMS": true,
                    "isMedia": true,
                    "isNotification": false,
                    "isPSA": false,
                    "chat": {
                        "id": "553484190903@c.us",
                        "pendingMsgs": false,
                        "lastReceivedKey": {
                            "fromMe": false,
                            "remote": "553484190903@c.us",
                            "id": "6FA19E580DCDDEE2D6E95D61EC355257",
                            "_serialized": "false_553484190903@c.us_6FA19E580DCDDEE2D6E95D61EC355257"
                        },
                        "t": 1601060852,
                        "unreadCount": 1,
                        "archive": false,
                        "isReadOnly": false,
                        "muteExpiration": 0,
                        "notSpam": false,
                        "pin": 0,
                        "msgs": null,
                        "kind": "chat",
                        "isGroup": false,
                        "formattedTitle": "+55 34 8419-0903",
                        "contact": {
                            "id": "553484190903@c.us",
                            "pushname": "Luciola Veloso",
                            "type": "in",
                            "isBusiness": false,
                            "isEnterprise": false,
                            "statusMute": false,
                            "labels": [
                            ],
                            "formattedName": "+55 34 8419-0903",
                            "isMe": false,
                            "isMyContact": false,
                            "isPSA": false,
                            "isUser": true,
                            "isWAContact": true,
                            "profilePicThumbObj": {
                                "eurl": "https:\/\/pps.whatsapp.net\/v\/t61.24694-24\/55963737_288754765376308_719555438969880576_n.jpg?oh=2383c1ba3fcf50ac29914d73147acacd&oe=5F87C12D",
                                "id": "553484190903@c.us",
                                "img": "https:\/\/web.whatsapp.com\/pp?e=https%3A%2F%2Fpps.whatsapp.net%2Fv%2Ft61.24694-24%2F55963737_288754765376308_719555438969880576_n.jpg%3Foh%3D2383c1ba3fcf50ac29914d73147acacd%26oe%3D5F87C12D&t=s&u=553484190903%40c.us&i=1542971533&n=TR6N6%2By116ub6uIbxXmM4MI10zCNXKBU2cGhEaubYc4%3D",
                                "imgFull": "https:\/\/web.whatsapp.com\/pp?e=https%3A%2F%2Fpps.whatsapp.net%2Fv%2Ft61.24694-24%2F55963737_288754765376308_719555438969880576_n.jpg%3Foh%3D2383c1ba3fcf50ac29914d73147acacd%26oe%3D5F87C12D&t=l&u=553484190903%40c.us&i=1542971533&n=TR6N6%2By116ub6uIbxXmM4MI10zCNXKBU2cGhEaubYc4%3D",
                                "raw": null,
                                "tag": "1542971533"
                            },
                            "msgs": null
                        },
                        "groupMetadata": null,
                        "presence": {
                            "id": "553484190903@c.us",
                            "chatstates": [
                            ]
                        }
                    },
                    "quotedMsgObj": null,
                    "mediaData": {
                        "type": "image",
                        "mediaStage": "INIT",
                        "size": 183632,
                        "filehash": "SC7ZlV6Jmfb4tOuImFY\/nNLCEZQdWVB+0Je+e2PTk\/8=",
                        "mimetype": "image\/jpeg",
                        "mediaBlob": null,
                        "fullHeight": 1080,
                        "fullWidth": 1080,
                        "aspectRatio": 1,
                        "animationDuration": 0,
                        "animatedAsNewMsg": false,
                        "isViewOnce": false,
                        "preview": {
                            "_retainCount": 1,
                            "_inAutoreleasePool": false,
                            "released": false,
                            "_b64": "\/9j\/4AAQSkZJRgABAQAAAQABAAD\/2wCEABsbGxscGx4hIR4qLSgtKj04MzM4PV1CR0JHQl2NWGdYWGdYjX2Xe3N7l33gsJycsOD\/2c7Z\/\/\/\/\/\/\/\/\/\/\/\/\/\/8BGxsbGxwbHiEhHiotKC0qPTgzMzg9XUJHQkdCXY1YZ1hYZ1iNfZd7c3uXfeCwnJyw4P\/Zztn\/\/\/\/\/\/\/\/\/\/\/\/\/\/\/\/CABEIAEMAQwMBIgACEQEDEQH\/xAAwAAACAwEAAAAAAAAAAAAAAAAAAwECBAUBAAMBAQEAAAAAAAAAAAAAAAABAgMEBf\/aAAwDAQACEAMQAAAA5E10Y+mk6WVxnAnUiYAAFuy7MenHR+iFUUlC1bnugYVB9WmPS8rNRRxrVWSkIelWosCfCoVS3OONK02c3rWE4IAbQFrWAeQA5iwAAKv\/xAAnEAACAQMDBAICAwAAAAAAAAABAgADERIEITEQE0FRIkIgMjBxkf\/aAAgBAQABPwC\/8WmorVqAMbCVaNBKuAXa3MrUVpqCrEyzepY+pifR6vovKNKDFdUqzV1anebc2ha+mT+4D8f03t7luSF8e4XRMbrKrU2N0W3QVnoioObzSIWqtVMrBGAytzG06sgCta0PeT6gid5gCCog1FhbBYzXJMvCA42IYREwcFRKmLMcjaCwtcgGbtwwJjjwyxqaHjaNTYdFuuJVrQVxY5\/6IQr7obwv4YRa6gcR6oIhcDiM5Myg\/Wn8vMYkqwy+0Gx2NjA+WzSw+saCxjAdMm2F4WPkwtMzMzO6fUzhcno35jp\/\/8QAGhEAAQUBAAAAAAAAAAAAAAAAAAERIDFAUf\/aAAgBAgEBPwAaHRax\/wD\/xAAcEQACAwADAQAAAAAAAAAAAAABAgAQEQMSMSD\/2gAIAQMBAT8ALdRpg5exGLNtmZsUxMDbtCbCsyD4NbTew0Pa\/9k=",
                            "_mimetype": "image\/jpeg"
                        },
                        "_swStreamingSupported": false,
                        "_listeningToSwSupport": false,
                        "isVcardOverMmsDocument": false
                    }
                }
            ]
        },
        {
            "id": "553491587421@c.us",
            "pendingMsgs": false,
            "lastReceivedKey": {
                "fromMe": false,
                "remote": "553491587421@c.us",
                "id": "3EB02BCB9ABFB0E60C9F",
                "_serialized": "false_553491587421@c.us_3EB02BCB9ABFB0E60C9F"
            },
            "t": 1600803584,
            "unreadCount": 4,
            "archive": false,
            "isReadOnly": false,
            "muteExpiration": 0,
            "notSpam": true,
            "pin": 0,
            "msgs": null,
            "kind": "chat",
            "isGroup": false,
            "formattedTitle": "+55 34 9158-7421",
            "contact": {
                "id": "553491587421@c.us",
                "pushname": "Loja.softarena.com.br",
                "type": "in",
                "isBusiness": false,
                "isEnterprise": false,
                "statusMute": false,
                "labels": [
                ],
                "formattedName": "+55 34 9158-7421",
                "isMe": false,
                "isMyContact": false,
                "isPSA": false,
                "isUser": true,
                "isWAContact": true,
                "profilePicThumbObj": {
                    "eurl": "https:\/\/pps.whatsapp.net\/v\/t61.24694-24\/121056507_420507692261279_4150670700045282956_n.jpg?oh=a0c2780a2fa8b9086e677db62f09eac3&oe=5F88BFCC",
                    "id": "553491587421@c.us",
                    "img": "https:\/\/web.whatsapp.com\/pp?e=https%3A%2F%2Fpps.whatsapp.net%2Fv%2Ft61.24694-24%2F121056507_420507692261279_4150670700045282956_n.jpg%3Foh%3Da0c2780a2fa8b9086e677db62f09eac3%26oe%3D5F88BFCC&t=s&u=553491587421%40c.us&i=1602189921&n=fXbp7DQOLayz%2B0P5q%2FPXIZ%2BeCD%2FAtYpPim%2BO%2BUacEo8%3D",
                    "imgFull": "https:\/\/web.whatsapp.com\/pp?e=https%3A%2F%2Fpps.whatsapp.net%2Fv%2Ft61.24694-24%2F121056507_420507692261279_4150670700045282956_n.jpg%3Foh%3Da0c2780a2fa8b9086e677db62f09eac3%26oe%3D5F88BFCC&t=l&u=553491587421%40c.us&i=1602189921&n=fXbp7DQOLayz%2B0P5q%2FPXIZ%2BeCD%2FAtYpPim%2BO%2BUacEo8%3D",
                    "raw": null,
                    "tag": "1602189921"
                },
                "msgs": null
            },
            "groupMetadata": null,
            "presence": {
                "id": "553491587421@c.us",
                "chatstates": [
                ]
            },
            "messages": [
                {
                    "id": "false_553491587421@c.us_3EB02BCB9ABFB0E60C9F",
                    "body": "169,64",
                    "type": "chat",
                    "t": 1600803584,
                    "notifyName": "",
                    "from": "553491587421@c.us",
                    "to": "553498813859@c.us",
                    "self": "in",
                    "ack": -1,
                    "invis": true,
                    "star": false,
                    "broadcast": false,
                    "mentionedJidList": [
                    ],
                    "isVcardOverMmsDocument": false,
                    "isForwarded": false,
                    "labels": [
                    ],
                    "pendingAckUpdate": {
                        "_promise": {
                            "_flags": 13,
                            "_resolveLevel": 1,
                            "_thenableParent": null
                        },
                        "_maxDelay": -1
                    },
                    "chatId": "553491587421@c.us",
                    "fromMe": false,
                    "sender": {
                        "id": "553491587421@c.us",
                        "pushname": "Loja.softarena.com.br",
                        "type": "in",
                        "isBusiness": false,
                        "isEnterprise": false,
                        "statusMute": false,
                        "labels": [
                        ],
                        "formattedName": "+55 34 9158-7421",
                        "isMe": false,
                        "isMyContact": false,
                        "isPSA": false,
                        "isUser": true,
                        "isWAContact": true,
                        "profilePicThumbObj": {
                            "eurl": "https:\/\/pps.whatsapp.net\/v\/t61.24694-24\/121056507_420507692261279_4150670700045282956_n.jpg?oh=a0c2780a2fa8b9086e677db62f09eac3&oe=5F88BFCC",
                            "id": "553491587421@c.us",
                            "img": "https:\/\/web.whatsapp.com\/pp?e=https%3A%2F%2Fpps.whatsapp.net%2Fv%2Ft61.24694-24%2F121056507_420507692261279_4150670700045282956_n.jpg%3Foh%3Da0c2780a2fa8b9086e677db62f09eac3%26oe%3D5F88BFCC&t=s&u=553491587421%40c.us&i=1602189921&n=fXbp7DQOLayz%2B0P5q%2FPXIZ%2BeCD%2FAtYpPim%2BO%2BUacEo8%3D",
                            "imgFull": "https:\/\/web.whatsapp.com\/pp?e=https%3A%2F%2Fpps.whatsapp.net%2Fv%2Ft61.24694-24%2F121056507_420507692261279_4150670700045282956_n.jpg%3Foh%3Da0c2780a2fa8b9086e677db62f09eac3%26oe%3D5F88BFCC&t=l&u=553491587421%40c.us&i=1602189921&n=fXbp7DQOLayz%2B0P5q%2FPXIZ%2BeCD%2FAtYpPim%2BO%2BUacEo8%3D",
                            "raw": null,
                            "tag": "1602189921"
                        },
                        "msgs": null
                    },
                    "timestamp": 1600803584,
                    "content": "169,64",
                    "isGroupMsg": false,
                    "isMMS": false,
                    "isMedia": false,
                    "isNotification": false,
                    "isPSA": false,
                    "chat": {
                        "id": "553491587421@c.us",
                        "pendingMsgs": false,
                        "lastReceivedKey": {
                            "fromMe": false,
                            "remote": "553491587421@c.us",
                            "id": "3EB02BCB9ABFB0E60C9F",
                            "_serialized": "false_553491587421@c.us_3EB02BCB9ABFB0E60C9F"
                        },
                        "t": 1600803584,
                        "unreadCount": 4,
                        "archive": false,
                        "isReadOnly": false,
                        "muteExpiration": 0,
                        "notSpam": true,
                        "pin": 0,
                        "msgs": null,
                        "kind": "chat",
                        "isGroup": false,
                        "formattedTitle": "+55 34 9158-7421",
                        "contact": {
                            "id": "553491587421@c.us",
                            "pushname": "Loja.softarena.com.br",
                            "type": "in",
                            "isBusiness": false,
                            "isEnterprise": false,
                            "statusMute": false,
                            "labels": [
                            ],
                            "formattedName": "+55 34 9158-7421",
                            "isMe": false,
                            "isMyContact": false,
                            "isPSA": false,
                            "isUser": true,
                            "isWAContact": true,
                            "profilePicThumbObj": {
                                "eurl": "https:\/\/pps.whatsapp.net\/v\/t61.24694-24\/121056507_420507692261279_4150670700045282956_n.jpg?oh=a0c2780a2fa8b9086e677db62f09eac3&oe=5F88BFCC",
                                "id": "553491587421@c.us",
                                "img": "https:\/\/web.whatsapp.com\/pp?e=https%3A%2F%2Fpps.whatsapp.net%2Fv%2Ft61.24694-24%2F121056507_420507692261279_4150670700045282956_n.jpg%3Foh%3Da0c2780a2fa8b9086e677db62f09eac3%26oe%3D5F88BFCC&t=s&u=553491587421%40c.us&i=1602189921&n=fXbp7DQOLayz%2B0P5q%2FPXIZ%2BeCD%2FAtYpPim%2BO%2BUacEo8%3D",
                                "imgFull": "https:\/\/web.whatsapp.com\/pp?e=https%3A%2F%2Fpps.whatsapp.net%2Fv%2Ft61.24694-24%2F121056507_420507692261279_4150670700045282956_n.jpg%3Foh%3Da0c2780a2fa8b9086e677db62f09eac3%26oe%3D5F88BFCC&t=l&u=553491587421%40c.us&i=1602189921&n=fXbp7DQOLayz%2B0P5q%2FPXIZ%2BeCD%2FAtYpPim%2BO%2BUacEo8%3D",
                                "raw": null,
                                "tag": "1602189921"
                            },
                            "msgs": null
                        },
                        "groupMetadata": null,
                        "presence": {
                            "id": "553491587421@c.us",
                            "chatstates": [
                            ]
                        }
                    },
                    "quotedMsgObj": null,
                    "mediaData": {
                    }
                }
            ]
        }
    ]
}

[11/10/20 20:31:06 - CONSOLE]  
{"name":"GetCheckIsConnected","result":"{\"result\":true}"}
[11/10/20 20:31:06 - TResponseCheckIsConnected]  
{
    "result": true
}

[11/10/20 20:31:12 - CONSOLE]  
{"name":"getBatteryLevel","result":"{\"result\":100}"}
[11/10/20 20:31:12 - TResponseBattery]  
{
    "result": 100
}

[11/10/20 20:31:24 - CONSOLE]  
{"name":"GetStatusMessage","result":"{\"result\":{\"id\":\"558198007759@c.us\",\"status\":\"Horario de funcionamento: Segunda a sexta-feira das 06:30 h as 18:00 h!\"}}"}
[11/10/20 20:31:24 - TResponseStatusMessage]  
{
    "id": "558198007759@c.us",
    "status": "Horario de funcionamento: Segunda a sexta-feira das 06:30 h as 18:00 h!"
}

[11/10/20 20:31:25 - CONSOLE]  
{"name":"GetStatusMessage","result":"{\"result\":{\"id\":\"558196988474@c.us\",\"status\":\"Apenas chamadas urgentes\"}}"}
[11/10/20 20:31:25 - TResponseStatusMessage]  
{
    "id": "558196988474@c.us",
    "status": "Apenas chamadas urgentes"
}

[11/10/20 20:31:31 - CONSOLE]  
{"name":"GetMe","result":"{\"result\":{\"id\":\"1\",\"pushname\":\"Topanen\",\"type\":\"in\",\"isContactBlocked\":false,\"pendingAction\":0,\"_notifyName\":null,\"promises\":{},\"status\":{\"id\":\"553498813859@c.us\"},\"profilePicThumb\":{\"id\":\"553498813859@c.us\",\"tag\":null,\"eurl\":null},\"locale\":\"pt-BR\",\"ref\":\"1@Zb40sv8s2aVdtdY+S/8wvBy9QjnIzP8WgXdr1IDtnMOAvTF/4PUmuFpmTvOvcJvg5dswgk5GhxxVbg==\",\"refTTL\":20000,\"wid\":\"553498813859@c.us\",\"connected\":true,\"me\":\"553498813859@c.us\",\"protoVersion\":[0,17],\"clientToken\":\"euBxNRUXmjPBSRSzUgYjpa8s+LfiSV82qeetJA6Vws4=\",\"serverToken\":\"1@u6GMUtXDTE/Irpp2t32QWcgJR4bgSLpG/3Livf/axV+GkxHyhKWgiZ65uz1isIBPCvUlUwlwGkFjtQ==\",\"secret\":\"e0pcKHSy6CyStVoxa6rFrEWIirlctidZ3VappMALWW2lQm4eVTYwAwGfd0CZx9W2GqQLESio5oUs9UhztowTKJeA1IhxLvQDqw7iUziGHzbqweorenD/QyQRDrMk40tNawGb1rtrGNzg93nw+gIHQ71binrErvehSXkvhKSPn6kfWGQNaHb+iDViAVNsaHK0\",\"isResponse\":\"false\",\"battery\":3,\"plugged\":true,\"lc\":\"BR\",\"lg\":\"pt\",\"locales\":\"pt-BR\",\"is24h\":true,\"platform\":\"android\",\"phone\":{\"wa_version\":\"2.20.199.14\",\"mcc\":\"724\",\"mnc\":\"034\",\"os_version\":\"4.4.2\",\"device_manufacturer\":\"samsung\",\"device_model\":\"corsicaveds3gvj\",\"os_build_number\":\"KOT49H.S5312CVJU0AOH1\"},\"tos\":0,\"smbTos\":0,\"blockStoreAdds\":false}}"}
[11/10/20 20:31:31 - TGetMeClass]  
{
    "id": "1",
    "pushname": "Topanen",
    "type": "in",
    "isContactBlocked": false,
    "pendingAction": 0,
    "_notifyName": null,
    "promises": {
    },
    "status": {
        "id": "553498813859@c.us"
    },
    "profilePicThumb": {
        "id": "553498813859@c.us",
        "tag": null,
        "eurl": null
    },
    "locale": "pt-BR",
    "ref": "1@Zb40sv8s2aVdtdY+S\/8wvBy9QjnIzP8WgXdr1IDtnMOAvTF\/4PUmuFpmTvOvcJvg5dswgk5GhxxVbg==",
    "refTTL": 20000,
    "wid": "553498813859@c.us",
    "connected": true,
    "me": "553498813859@c.us",
    "protoVersion": [
        0,
        17
    ],
    "clientToken": "euBxNRUXmjPBSRSzUgYjpa8s+LfiSV82qeetJA6Vws4=",
    "serverToken": "1@u6GMUtXDTE\/Irpp2t32QWcgJR4bgSLpG\/3Livf\/axV+GkxHyhKWgiZ65uz1isIBPCvUlUwlwGkFjtQ==",
    "secret": "e0pcKHSy6CyStVoxa6rFrEWIirlctidZ3VappMALWW2lQm4eVTYwAwGfd0CZx9W2GqQLESio5oUs9UhztowTKJeA1IhxLvQDqw7iUziGHzbqweorenD\/QyQRDrMk40tNawGb1rtrGNzg93nw+gIHQ71binrErvehSXkvhKSPn6kfWGQNaHb+iDViAVNsaHK0",
    "isResponse": "false",
    "battery": 3,
    "plugged": true,
    "lc": "BR",
    "lg": "pt",
    "locales": "pt-BR",
    "is24h": true,
    "platform": "android",
    "phone": {
        "wa_version": "2.20.199.14",
        "mcc": "724",
        "mnc": "034",
        "os_version": "4.4.2",
        "device_manufacturer": "samsung",
        "device_model": "corsicaveds3gvj",
        "os_build_number": "KOT49H.S5312CVJU0AOH1"
    },
    "tos": 0,
    "smbTos": 0,
    "blockStoreAdds": false
}

[11/10/20 20:31:35 - CONSOLE]  
{"name":"getAllContacts","result":"{\"result\":[{\"id\":\"5517997446006@c.us\",\"name\":\"Claric\",\"shortName\":\"Claric\",\"type\":\"in\",\"isBusiness\":false,\"isEnterprise\":false,\"statusMute\":false,\"labels\":[],\"formattedName\":\"Claric\",\"isMe\":false,\"isMyContact\":true,\"isPSA\":false,\"isUser\":true,\"isWAContact\":true,\"profilePicThumbObj\":{},\"msgs\":null},{\"id\":\"553484065708@c.us\",\"name\":\"Elsianw\",\"shortName\":\"Elsianw\",\"type\":\"in\",\"isBusiness\":false,\"isEnterprise\":false,\"statusMute\":false,\"labels\":[],\"formattedName\":\"Elsianw\",\"isMe\":false,\"isMyContact\":true,\"isPSA\":false,\"isUser\":true,\"isWAContact\":true,\"profilePicThumbObj\":{},\"msgs\":null},{\"id\":\"5527996665940@c.us\",\"name\":\"Enok\",\"shortName\":\"Enok\",\"type\":\"in\",\"isBusiness\":false,\"isEnterprise\":false,\"statusMute\":false,\"labels\":[],\"formattedName\":\"Enok\",\"isMe\":false,\"isMyContact\":true,\"isPSA\":false,\"isUser\":true,\"isWAContact\":true,\"profilePicThumbObj\":{},\"msgs\":null},{\"id\":\"5527999656400@c.us\",\"name\":\"Fernando Jul\",\"shortName\":\"Fernando\",\"type\":\"in\",\"isBusiness\":false,\"isEnterprise\":false,\"statusMute\":false,\"labels\":[],\"formattedName\":\"Fernando Jul\",\"isMe\":false,\"isMyContact\":true,\"isPSA\":false,\"isUser\":true,\"isWAContact\":true,\"profilePicThumbObj\":{},\"msgs\":null},{\"id\":\"553499623545@c.us\",\"name\":\"Linces Ctbc\",\"shortName\":\"Linces\",\"pushname\":\"Softarena\",\"type\":\"in\",\"isBusiness\":false,\"isEnterprise\":false,\"statusMute\":false,\"labels\":[],\"formattedName\":\"Linces Ctbc\",\"isMe\":false,\"isMyContact\":true,\"isPSA\":false,\"isUser\":true,\"isWAContact\":true,\"profilePicThumbObj\":{},\"msgs\":null},{\"id\":\"553891081469@c.us\",\"name\":\"Lucas\",\"shortName\":\"Lucas\",\"type\":\"in\",\"isBusiness\":false,\"isEnterprise\":false,\"statusMute\":false,\"labels\":[],\"formattedName\":\"Lucas\",\"isMe\":false,\"isMyContact\":true,\"isPSA\":false,\"isUser\":true,\"isWAContact\":true,\"profilePicThumbObj\":{\"eurl\":\"https://pps.whatsapp.net/v/t61.24694-24/73409744_243826479915927_8058783533064377927_n.jpg?oh=c42972888cdca7e049fe979fbf6212a8&oe=5F87E625\",\"id\":\"553891081469@c.us\",\"img\":\"https://web.whatsapp.com/pp?e=https%3A%2F%2Fpps.whatsapp.net%2Fv%2Ft61.24694-24%2F73409744_243826479915927_8058783533064377927_n.jpg%3Foh%3Dc42972888cdca7e049fe979fbf6212a8%26oe%3D5F87E625&t=s&u=553891081469%40c.us&i=1574260952&n=Lko4oqjaF%2B22ps8fpWOVk28zSSU7lUN72k6WEFSHlEM%3D\",\"imgFull\":\"https://web.whatsapp.com/pp?e=https%3A%2F%2Fpps.whatsapp.net%2Fv%2Ft61.24694-24%2F73409744_243826479915927_8058783533064377927_n.jpg%3Foh%3Dc42972888cdca7e049fe979fbf6212a8%26oe%3D5F87E625&t=l&u=553891081469%40c.us&i=1574260952&n=Lko4oqjaF%2B22ps8fpWOVk28zSSU7lUN72k6WEFSHlEM%3D\",\"raw\":null,\"tag\":\"1574260952\"},\"msgs\":null},{\"id\":\"553496900355@c.us\",\"name\":\"Taneta\",\"shortName\":\"Taneta\",\"type\":\"in\",\"isBusiness\":false,\"isEnterprise\":false,\"statusMute\":false,\"labels\":[],\"formattedName\":\"Taneta\",\"isMe\":false,\"isMyContact\":true,\"isPSA\":false,\"isUser\":true,\"isWAContact\":true,\"profilePicThumbObj\":{},\"msgs\":null},{\"id\":\"553496957489@c.us\",\"name\":\"Va\",\"shortName\":\"Va\",\"type\":\"in\",\"isBusiness\":false,\"isEnterprise\":false,\"statusMute\":false,\"labels\":[],\"formattedName\":\"Va\",\"isMe\":false,\"isMyContact\":true,\"isPSA\":false,\"isUser\":true,\"isWAContact\":true,\"profilePicThumbObj\":{},\"msgs\":null},{\"id\":\"0@c.us\",\"type\":\"in\",\"formattedName\":\"WhatsApp\",\"isMe\":false,\"isMyContact\":false,\"isPSA\":true,\"isUser\":true,\"isWAContact\":true,\"profilePicThumbObj\":{},\"msgs\":null},{\"id\":\"553484190903@c.us\",\"pushname\":\"Luciola Veloso\",\"type\":\"in\",\"isBusiness\":false,\"isEnterprise\":false,\"statusMute\":false,\"labels\":[],\"formattedName\":\"+55 34 8419-0903\",\"isMe\":false,\"isMyContact\":false,\"isPSA\":false,\"isUser\":true,\"isWAContact\":true,\"profilePicThumbObj\":{\"eurl\":\"https://pps.whatsapp.net/v/t61.24694-24/55963737_288754765376308_719555438969880576_n.jpg?oh=2383c1ba3fcf50ac29914d73147acacd&oe=5F87C12D\",\"id\":\"553484190903@c.us\",\"img\":\"https://web.whatsapp.com/pp?e=https%3A%2F%2Fpps.whatsapp.net%2Fv%2Ft61.24694-24%2F55963737_288754765376308_719555438969880576_n.jpg%3Foh%3D2383c1ba3fcf50ac29914d73147acacd%26oe%3D5F87C12D&t=s&u=553484190903%40c.us&i=1542971533&n=TR6N6%2By116ub6uIbxXmM4MI10zCNXKBU2cGhEaubYc4%3D\",\"imgFull\":\"https://web.whatsapp.com/pp?e=https%3A%2F%2Fpps.whatsapp.net%2Fv%2Ft61.24694-24%2F55963737_288754765376308_719555438969880576_n.jpg%3Foh%3D2383c1ba3fcf50ac29914d73147acacd%26oe%3D5F87C12D&t=l&u=553484190903%40c.us&i=1542971533&n=TR6N6%2By116ub6uIbxXmM4MI10zCNXKBU2cGhEaubYc4%3D\",\"raw\":null,\"tag\":\"1542971533\"},\"msgs\":null},{\"id\":\"553491587421@c.us\",\"pushname\":\"Loja.softarena.com.br\",\"type\":\"in\",\"isBusiness\":false,\"isEnterprise\":false,\"statusMute\":false,\"labels\":[],\"formattedName\":\"+55 34 9158-7421\",\"isMe\":false,\"isMyContact\":false,\"isPSA\":false,\"isUser\":true,\"isWAContact\":true,\"profilePicThumbObj\":{\"eurl\":\"https://pps.whatsapp.net/v/t61.24694-24/121056507_420507692261279_4150670700045282956_n.jpg?oh=a0c2780a2fa8b9086e677db62f09eac3&oe=5F88BFCC\",\"id\":\"553491587421@c.us\",\"img\":\"https://web.whatsapp.com/pp?e=https%3A%2F%2Fpps.whatsapp.net%2Fv%2Ft61.24694-24%2F121056507_420507692261279_4150670700045282956_n.jpg%3Foh%3Da0c2780a2fa8b9086e677db62f09eac3%26oe%3D5F88BFCC&t=s&u=553491587421%40c.us&i=1602189921&n=fXbp7DQOLayz%2B0P5q%2FPXIZ%2BeCD%2FAtYpPim%2BO%2BUacEo8%3D\",\"imgFull\":\"https://web.whatsapp.com/pp?e=https%3A%2F%2Fpps.whatsapp.net%2Fv%2Ft61.24694-24%2F121056507_420507692261279_4150670700045282956_n.jpg%3Foh%3Da0c2780a2fa8b9086e677db62f09eac3%26oe%3D5F88BFCC&t=l&u=553491587421%40c.us&i=1602189921&n=fXbp7DQOLayz%2B0P5q%2FPXIZ%2BeCD%2FAtYpPim%2BO%2BUacEo8%3D\",\"raw\":null,\"tag\":\"1602189921\"},\"msgs\":null},{\"id\":\"553498945449@c.us\",\"pushname\":\"28409\",\"type\":\"in\",\"isBusiness\":false,\"isEnterprise\":false,\"statusMute\":false,\"labels\":[],\"formattedName\":\"+55 34 9894-5449\",\"isMe\":false,\"isMyContact\":false,\"isPSA\":false,\"isUser\":true,\"isWAContact\":true,\"profilePicThumbObj\":{\"eurl\":\"https://pps.whatsapp.net/v/t61.24694-24/120985976_1554644311387876_6891026659325869571_n.jpg?oh=ce1a6cb24a40e04c1c911ee089f370cd&oe=5F889C09\",\"id\":\"553498945449@c.us\",\"img\":\"https://web.whatsapp.com/pp?e=https%3A%2F%2Fpps.whatsapp.net%2Fv%2Ft61.24694-24%2F120985976_1554644311387876_6891026659325869571_n.jpg%3Foh%3Dce1a6cb24a40e04c1c911ee089f370cd%26oe%3D5F889C09&t=s&u=553498945449%40c.us&i=1602098629&n=bZPQE2W6Lv5VtBJpYSArXZ24cf0iUxu39pDbe4ZmH00%3D\",\"imgFull\":\"https://web.whatsapp.com/pp?e=https%3A%2F%2Fpps.whatsapp.net%2Fv%2Ft61.24694-24%2F120985976_1554644311387876_6891026659325869571_n.jpg%3Foh%3Dce1a6cb24a40e04c1c911ee089f370cd%26oe%3D5F889C09&t=l&u=553498945449%40c.us&i=1602098629&n=bZPQE2W6Lv5VtBJpYSArXZ24cf0iUxu39pDbe4ZmH00%3D\",\"raw\":null,\"tag\":\"1602098629\"},\"msgs\":null},{\"id\":\"status@broadcast\",\"type\":\"in\",\"isBusiness\":false,\"isEnterprise\":false,\"statusMute\":false,\"labels\":[],\"formattedName\":\"\",\"isMe\":false,\"isMyContact\":false,\"isPSA\":false,\"isUser\":false,\"isWAContact\":false,\"profilePicThumbObj\":{},\"msgs\":null},{\"id\":\"553498813859@c.us\",\"type\":\"in\",\"formattedName\":\"Voce\",\"isMe\":true,\"isMyContact\":false,\"isPSA\":false,\"isUser\":true,\"isWAContact\":true,\"profilePicThumbObj\":{\"eurl\":null,\"id\":\"553498813859@c.us\",\"tag\":null},\"msgs\":null}]}"}
[11/10/20 20:31:35 - TRetornoAllContacts]  
{
    "result": [
        {
            "id": "5517997446006@c.us",
            "name": "Claric",
            "shortName": "Claric",
            "type": "in",
            "isBusiness": false,
            "isEnterprise": false,
            "statusMute": false,
            "labels": [
            ],
            "formattedName": "Claric",
            "isMe": false,
            "isMyContact": true,
            "isPSA": false,
            "isUser": true,
            "isWAContact": true,
            "profilePicThumbObj": {
            },
            "msgs": null
        },
        {
            "id": "553484065708@c.us",
            "name": "Elsianw",
            "shortName": "Elsianw",
            "type": "in",
            "isBusiness": false,
            "isEnterprise": false,
            "statusMute": false,
            "labels": [
            ],
            "formattedName": "Elsianw",
            "isMe": false,
            "isMyContact": true,
            "isPSA": false,
            "isUser": true,
            "isWAContact": true,
            "profilePicThumbObj": {
            },
            "msgs": null
        },
        {
            "id": "5527996665940@c.us",
            "name": "Enok",
            "shortName": "Enok",
            "type": "in",
            "isBusiness": false,
            "isEnterprise": false,
            "statusMute": false,
            "labels": [
            ],
            "formattedName": "Enok",
            "isMe": false,
            "isMyContact": true,
            "isPSA": false,
            "isUser": true,
            "isWAContact": true,
            "profilePicThumbObj": {
            },
            "msgs": null
        },
        {
            "id": "5527999656400@c.us",
            "name": "Fernando Jul",
            "shortName": "Fernando",
            "type": "in",
            "isBusiness": false,
            "isEnterprise": false,
            "statusMute": false,
            "labels": [
            ],
            "formattedName": "Fernando Jul",
            "isMe": false,
            "isMyContact": true,
            "isPSA": false,
            "isUser": true,
            "isWAContact": true,
            "profilePicThumbObj": {
            },
            "msgs": null
        },
        {
            "id": "553499623545@c.us",
            "name": "Linces Ctbc",
            "shortName": "Linces",
            "pushname": "Softarena",
            "type": "in",
            "isBusiness": false,
            "isEnterprise": false,
            "statusMute": false,
            "labels": [
            ],
            "formattedName": "Linces Ctbc",
            "isMe": false,
            "isMyContact": true,
            "isPSA": false,
            "isUser": true,
            "isWAContact": true,
            "profilePicThumbObj": {
            },
            "msgs": null
        },
        {
            "id": "553891081469@c.us",
            "name": "Lucas",
            "shortName": "Lucas",
            "type": "in",
            "isBusiness": false,
            "isEnterprise": false,
            "statusMute": false,
            "labels": [
            ],
            "formattedName": "Lucas",
            "isMe": false,
            "isMyContact": true,
            "isPSA": false,
            "isUser": true,
            "isWAContact": true,
            "profilePicThumbObj": {
                "eurl": "https:\/\/pps.whatsapp.net\/v\/t61.24694-24\/73409744_243826479915927_8058783533064377927_n.jpg?oh=c42972888cdca7e049fe979fbf6212a8&oe=5F87E625",
                "id": "553891081469@c.us",
                "img": "https:\/\/web.whatsapp.com\/pp?e=https%3A%2F%2Fpps.whatsapp.net%2Fv%2Ft61.24694-24%2F73409744_243826479915927_8058783533064377927_n.jpg%3Foh%3Dc42972888cdca7e049fe979fbf6212a8%26oe%3D5F87E625&t=s&u=553891081469%40c.us&i=1574260952&n=Lko4oqjaF%2B22ps8fpWOVk28zSSU7lUN72k6WEFSHlEM%3D",
                "imgFull": "https:\/\/web.whatsapp.com\/pp?e=https%3A%2F%2Fpps.whatsapp.net%2Fv%2Ft61.24694-24%2F73409744_243826479915927_8058783533064377927_n.jpg%3Foh%3Dc42972888cdca7e049fe979fbf6212a8%26oe%3D5F87E625&t=l&u=553891081469%40c.us&i=1574260952&n=Lko4oqjaF%2B22ps8fpWOVk28zSSU7lUN72k6WEFSHlEM%3D",
                "raw": null,
                "tag": "1574260952"
            },
            "msgs": null
        },
        {
            "id": "553496900355@c.us",
            "name": "Taneta",
            "shortName": "Taneta",
            "type": "in",
            "isBusiness": false,
            "isEnterprise": false,
            "statusMute": false,
            "labels": [
            ],
            "formattedName": "Taneta",
            "isMe": false,
            "isMyContact": true,
            "isPSA": false,
            "isUser": true,
            "isWAContact": true,
            "profilePicThumbObj": {
            },
            "msgs": null
        },
        {
            "id": "553496957489@c.us",
            "name": "Va",
            "shortName": "Va",
            "type": "in",
            "isBusiness": false,
            "isEnterprise": false,
            "statusMute": false,
            "labels": [
            ],
            "formattedName": "Va",
            "isMe": false,
            "isMyContact": true,
            "isPSA": false,
            "isUser": true,
            "isWAContact": true,
            "profilePicThumbObj": {
            },
            "msgs": null
        },
        {
            "id": "0@c.us",
            "type": "in",
            "formattedName": "WhatsApp",
            "isMe": false,
            "isMyContact": false,
            "isPSA": true,
            "isUser": true,
            "isWAContact": true,
            "profilePicThumbObj": {
            },
            "msgs": null
        },
        {
            "id": "553484190903@c.us",
            "pushname": "Luciola Veloso",
            "type": "in",
            "isBusiness": false,
            "isEnterprise": false,
            "statusMute": false,
            "labels": [
            ],
            "formattedName": "+55 34 8419-0903",
            "isMe": false,
            "isMyContact": false,
            "isPSA": false,
            "isUser": true,
            "isWAContact": true,
            "profilePicThumbObj": {
                "eurl": "https:\/\/pps.whatsapp.net\/v\/t61.24694-24\/55963737_288754765376308_719555438969880576_n.jpg?oh=2383c1ba3fcf50ac29914d73147acacd&oe=5F87C12D",
                "id": "553484190903@c.us",
                "img": "https:\/\/web.whatsapp.com\/pp?e=https%3A%2F%2Fpps.whatsapp.net%2Fv%2Ft61.24694-24%2F55963737_288754765376308_719555438969880576_n.jpg%3Foh%3D2383c1ba3fcf50ac29914d73147acacd%26oe%3D5F87C12D&t=s&u=553484190903%40c.us&i=1542971533&n=TR6N6%2By116ub6uIbxXmM4MI10zCNXKBU2cGhEaubYc4%3D",
                "imgFull": "https:\/\/web.whatsapp.com\/pp?e=https%3A%2F%2Fpps.whatsapp.net%2Fv%2Ft61.24694-24%2F55963737_288754765376308_719555438969880576_n.jpg%3Foh%3D2383c1ba3fcf50ac29914d73147acacd%26oe%3D5F87C12D&t=l&u=553484190903%40c.us&i=1542971533&n=TR6N6%2By116ub6uIbxXmM4MI10zCNXKBU2cGhEaubYc4%3D",
                "raw": null,
                "tag": "1542971533"
            },
            "msgs": null
        },
        {
            "id": "553491587421@c.us",
            "pushname": "Loja.softarena.com.br",
            "type": "in",
            "isBusiness": false,
            "isEnterprise": false,
            "statusMute": false,
            "labels": [
            ],
            "formattedName": "+55 34 9158-7421",
            "isMe": false,
            "isMyContact": false,
            "isPSA": false,
            "isUser": true,
            "isWAContact": true,
            "profilePicThumbObj": {
                "eurl": "https:\/\/pps.whatsapp.net\/v\/t61.24694-24\/121056507_420507692261279_4150670700045282956_n.jpg?oh=a0c2780a2fa8b9086e677db62f09eac3&oe=5F88BFCC",
                "id": "553491587421@c.us",
                "img": "https:\/\/web.whatsapp.com\/pp?e=https%3A%2F%2Fpps.whatsapp.net%2Fv%2Ft61.24694-24%2F121056507_420507692261279_4150670700045282956_n.jpg%3Foh%3Da0c2780a2fa8b9086e677db62f09eac3%26oe%3D5F88BFCC&t=s&u=553491587421%40c.us&i=1602189921&n=fXbp7DQOLayz%2B0P5q%2FPXIZ%2BeCD%2FAtYpPim%2BO%2BUacEo8%3D",
                "imgFull": "https:\/\/web.whatsapp.com\/pp?e=https%3A%2F%2Fpps.whatsapp.net%2Fv%2Ft61.24694-24%2F121056507_420507692261279_4150670700045282956_n.jpg%3Foh%3Da0c2780a2fa8b9086e677db62f09eac3%26oe%3D5F88BFCC&t=l&u=553491587421%40c.us&i=1602189921&n=fXbp7DQOLayz%2B0P5q%2FPXIZ%2BeCD%2FAtYpPim%2BO%2BUacEo8%3D",
                "raw": null,
                "tag": "1602189921"
            },
            "msgs": null
        },
        {
            "id": "553498945449@c.us",
            "pushname": "28409",
            "type": "in",
            "isBusiness": false,
            "isEnterprise": false,
            "statusMute": false,
            "labels": [
            ],
            "formattedName": "+55 34 9894-5449",
            "isMe": false,
            "isMyContact": false,
            "isPSA": false,
            "isUser": true,
            "isWAContact": true,
            "profilePicThumbObj": {
                "eurl": "https:\/\/pps.whatsapp.net\/v\/t61.24694-24\/120985976_1554644311387876_6891026659325869571_n.jpg?oh=ce1a6cb24a40e04c1c911ee089f370cd&oe=5F889C09",
                "id": "553498945449@c.us",
                "img": "https:\/\/web.whatsapp.com\/pp?e=https%3A%2F%2Fpps.whatsapp.net%2Fv%2Ft61.24694-24%2F120985976_1554644311387876_6891026659325869571_n.jpg%3Foh%3Dce1a6cb24a40e04c1c911ee089f370cd%26oe%3D5F889C09&t=s&u=553498945449%40c.us&i=1602098629&n=bZPQE2W6Lv5VtBJpYSArXZ24cf0iUxu39pDbe4ZmH00%3D",
                "imgFull": "https:\/\/web.whatsapp.com\/pp?e=https%3A%2F%2Fpps.whatsapp.net%2Fv%2Ft61.24694-24%2F120985976_1554644311387876_6891026659325869571_n.jpg%3Foh%3Dce1a6cb24a40e04c1c911ee089f370cd%26oe%3D5F889C09&t=l&u=553498945449%40c.us&i=1602098629&n=bZPQE2W6Lv5VtBJpYSArXZ24cf0iUxu39pDbe4ZmH00%3D",
                "raw": null,
                "tag": "1602098629"
            },
            "msgs": null
        },
        {
            "id": "status@broadcast",
            "type": "in",
            "isBusiness": false,
            "isEnterprise": false,
            "statusMute": false,
            "labels": [
            ],
            "formattedName": "",
            "isMe": false,
            "isMyContact": false,
            "isPSA": false,
            "isUser": false,
            "isWAContact": false,
            "profilePicThumbObj": {
            },
            "msgs": null
        },
        {
            "id": "553498813859@c.us",
            "type": "in",
            "formattedName": "Voce",
            "isMe": true,
            "isMyContact": false,
            "isPSA": false,
            "isUser": true,
            "isWAContact": true,
            "profilePicThumbObj": {
                "eurl": null,
                "id": "553498813859@c.us",
                "tag": null
            },
            "msgs": null
        }
    ]
}

[11/10/20 20:31:36 - CONSOLE]  
{"name":"getAllChats","result":"{\"result\":[{\"id\":\"553484190903@c.us\",\"pendingMsgs\":false,\"lastReceivedKey\":{\"fromMe\":false,\"remote\":\"553484190903@c.us\",\"id\":\"6FA19E580DCDDEE2D6E95D61EC355257\",\"_serialized\":\"false_553484190903@c.us_6FA19E580DCDDEE2D6E95D61EC355257\"},\"t\":1601060852,\"unreadCount\":0,\"archive\":false,\"isReadOnly\":false,\"muteExpiration\":0,\"notSpam\":false,\"pin\":0,\"msgs\":null,\"kind\":\"chat\",\"isGroup\":false,\"formattedTitle\":\"+55 34 8419-0903\",\"contact\":{\"id\":\"553484190903@c.us\",\"pushname\":\"Luciola Veloso\",\"type\":\"in\",\"isBusiness\":false,\"isEnterprise\":false,\"statusMute\":false,\"labels\":[],\"formattedName\":\"+55 34 8419-0903\",\"isMe\":false,\"isMyContact\":false,\"isPSA\":false,\"isUser\":true,\"isWAContact\":true,\"profilePicThumbObj\":{\"eurl\":\"https://pps.whatsapp.net/v/t61.24694-24/55963737_288754765376308_719555438969880576_n.jpg?oh=2383c1ba3fcf50ac29914d73147acacd&oe=5F87C12D\",\"id\":\"553484190903@c.us\",\"img\":\"https://web.whatsapp.com/pp?e=https%3A%2F%2Fpps.whatsapp.net%2Fv%2Ft61.24694-24%2F55963737_288754765376308_719555438969880576_n.jpg%3Foh%3D2383c1ba3fcf50ac29914d73147acacd%26oe%3D5F87C12D&t=s&u=553484190903%40c.us&i=1542971533&n=TR6N6%2By116ub6uIbxXmM4MI10zCNXKBU2cGhEaubYc4%3D\",\"imgFull\":\"https://web.whatsapp.com/pp?e=https%3A%2F%2Fpps.whatsapp.net%2Fv%2Ft61.24694-24%2F55963737_288754765376308_719555438969880576_n.jpg%3Foh%3D2383c1ba3fcf50ac29914d73147acacd%26oe%3D5F87C12D&t=l&u=553484190903%40c.us&i=1542971533&n=TR6N6%2By116ub6uIbxXmM4MI10zCNXKBU2cGhEaubYc4%3D\",\"raw\":null,\"tag\":\"1542971533\"},\"msgs\":null},\"groupMetadata\":null,\"presence\":{\"id\":\"553484190903@c.us\",\"chatstates\":[]}},{\"id\":\"553491587421@c.us\",\"pendingMsgs\":false,\"lastReceivedKey\":{\"fromMe\":false,\"remote\":\"553491587421@c.us\",\"id\":\"3EB02BCB9ABFB0E60C9F\",\"_serialized\":\"false_553491587421@c.us_3EB02BCB9ABFB0E60C9F\"},\"t\":1600803584,\"unreadCount\":0,\"archive\":false,\"isReadOnly\":false,\"muteExpiration\":0,\"notSpam\":true,\"pin\":0,\"msgs\":null,\"kind\":\"chat\",\"isGroup\":false,\"formattedTitle\":\"+55 34 9158-7421\",\"contact\":{\"id\":\"553491587421@c.us\",\"pushname\":\"Loja.softarena.com.br\",\"type\":\"in\",\"isBusiness\":false,\"isEnterprise\":false,\"statusMute\":false,\"labels\":[],\"formattedName\":\"+55 34 9158-7421\",\"isMe\":false,\"isMyContact\":false,\"isPSA\":false,\"isUser\":true,\"isWAContact\":true,\"profilePicThumbObj\":{\"eurl\":\"https://pps.whatsapp.net/v/t61.24694-24/121056507_420507692261279_4150670700045282956_n.jpg?oh=a0c2780a2fa8b9086e677db62f09eac3&oe=5F88BFCC\",\"id\":\"553491587421@c.us\",\"img\":\"https://web.whatsapp.com/pp?e=https%3A%2F%2Fpps.whatsapp.net%2Fv%2Ft61.24694-24%2F121056507_420507692261279_4150670700045282956_n.jpg%3Foh%3Da0c2780a2fa8b9086e677db62f09eac3%26oe%3D5F88BFCC&t=s&u=553491587421%40c.us&i=1602189921&n=fXbp7DQOLayz%2B0P5q%2FPXIZ%2BeCD%2FAtYpPim%2BO%2BUacEo8%3D\",\"imgFull\":\"https://web.whatsapp.com/pp?e=https%3A%2F%2Fpps.whatsapp.net%2Fv%2Ft61.24694-24%2F121056507_420507692261279_4150670700045282956_n.jpg%3Foh%3Da0c2780a2fa8b9086e677db62f09eac3%26oe%3D5F88BFCC&t=l&u=553491587421%40c.us&i=1602189921&n=fXbp7DQOLayz%2B0P5q%2FPXIZ%2BeCD%2FAtYpPim%2BO%2BUacEo8%3D\",\"raw\":null,\"tag\":\"1602189921\"},\"msgs\":null},\"groupMetadata\":null,\"presence\":{\"id\":\"553491587421@c.us\",\"chatstates\":[]}},{\"id\":\"553891081469@c.us\",\"pendingMsgs\":false,\"lastReceivedKey\":{\"fromMe\":true,\"remote\":\"553891081469@c.us\",\"id\":\"E7776F92B7B33C5222E336FF2A58E75C\",\"_serialized\":\"true_553891081469@c.us_E7776F92B7B33C5222E336FF2A58E75C\"},\"t\":1600127639,\"unreadCount\":0,\"archive\":false,\"isReadOnly\":false,\"muteExpiration\":0,\"name\":\"Lucas\",\"notSpam\":true,\"pin\":0,\"msgs\":null,\"kind\":\"chat\",\"isGroup\":false,\"formattedTitle\":\"Lucas\",\"contact\":{\"id\":\"553891081469@c.us\",\"name\":\"Lucas\",\"shortName\":\"Lucas\",\"type\":\"in\",\"isBusiness\":false,\"isEnterprise\":false,\"statusMute\":false,\"labels\":[],\"formattedName\":\"Lucas\",\"isMe\":false,\"isMyContact\":true,\"isPSA\":false,\"isUser\":true,\"isWAContact\":true,\"profilePicThumbObj\":{\"eurl\":\"https://pps.whatsapp.net/v/t61.24694-24/73409744_243826479915927_8058783533064377927_n.jpg?oh=c42972888cdca7e049fe979fbf6212a8&oe=5F87E625\",\"id\":\"553891081469@c.us\",\"img\":\"https://web.whatsapp.com/pp?e=https%3A%2F%2Fpps.whatsapp.net%2Fv%2Ft61.24694-24%2F73409744_243826479915927_8058783533064377927_n.jpg%3Foh%3Dc42972888cdca7e049fe979fbf6212a8%26oe%3D5F87E625&t=s&u=553891081469%40c.us&i=1574260952&n=Lko4oqjaF%2B22ps8fpWOVk28zSSU7lUN72k6WEFSHlEM%3D\",\"imgFull\":\"https://web.whatsapp.com/pp?e=https%3A%2F%2Fpps.whatsapp.net%2Fv%2Ft61.24694-24%2F73409744_243826479915927_8058783533064377927_n.jpg%3Foh%3Dc42972888cdca7e049fe979fbf6212a8%26oe%3D5F87E625&t=l&u=553891081469%40c.us&i=1574260952&n=Lko4oqjaF%2B22ps8fpWOVk28zSSU7lUN72k6WEFSHlEM%3D\",\"raw\":null,\"tag\":\"1574260952\"},\"msgs\":null},\"groupMetadata\":null,\"presence\":{\"id\":\"553891081469@c.us\",\"chatstates\":[]}},{\"id\":\"553498945449@c.us\",\"pendingMsgs\":false,\"lastReceivedKey\":{\"fromMe\":true,\"remote\":\"553498945449@c.us\",\"id\":\"3EB0E9E666A532575C14\",\"_serialized\":\"true_553498945449@c.us_3EB0E9E666A532575C14\"},\"t\":1598623114,\"unreadCount\":0,\"archive\":false,\"isReadOnly\":false,\"muteExpiration\":0,\"notSpam\":true,\"pin\":0,\"msgs\":null,\"kind\":\"chat\",\"isGroup\":false,\"formattedTitle\":\"+55 34 9894-5449\",\"contact\":{\"id\":\"553498945449@c.us\",\"pushname\":\"28409\",\"type\":\"in\",\"isBusiness\":false,\"isEnterprise\":false,\"statusMute\":false,\"labels\":[],\"formattedName\":\"+55 34 9894-5449\",\"isMe\":false,\"isMyContact\":false,\"isPSA\":false,\"isUser\":true,\"isWAContact\":true,\"profilePicThumbObj\":{\"eurl\":\"https://pps.whatsapp.net/v/t61.24694-24/120985976_1554644311387876_6891026659325869571_n.jpg?oh=ce1a6cb24a40e04c1c911ee089f370cd&oe=5F889C09\",\"id\":\"553498945449@c.us\",\"img\":\"https://web.whatsapp.com/pp?e=https%3A%2F%2Fpps.whatsapp.net%2Fv%2Ft61.24694-24%2F120985976_1554644311387876_6891026659325869571_n.jpg%3Foh%3Dce1a6cb24a40e04c1c911ee089f370cd%26oe%3D5F889C09&t=s&u=553498945449%40c.us&i=1602098629&n=bZPQE2W6Lv5VtBJpYSArXZ24cf0iUxu39pDbe4ZmH00%3D\",\"imgFull\":\"https://web.whatsapp.com/pp?e=https%3A%2F%2Fpps.whatsapp.net%2Fv%2Ft61.24694-24%2F120985976_1554644311387876_6891026659325869571_n.jpg%3Foh%3Dce1a6cb24a40e04c1c911ee089f370cd%26oe%3D5F889C09&t=l&u=553498945449%40c.us&i=1602098629&n=bZPQE2W6Lv5VtBJpYSArXZ24cf0iUxu39pDbe4ZmH00%3D\",\"raw\":null,\"tag\":\"1602098629\"},\"msgs\":null},\"groupMetadata\":null,\"presence\":{\"id\":\"553498945449@c.us\",\"chatstates\":[]}}]}"}
[11/10/20 20:31:36 - TChatList]  
{
    "result": [
        {
            "id": "553484190903@c.us",
            "pendingMsgs": false,
            "lastReceivedKey": {
                "fromMe": false,
                "remote": "553484190903@c.us",
                "id": "6FA19E580DCDDEE2D6E95D61EC355257",
                "_serialized": "false_553484190903@c.us_6FA19E580DCDDEE2D6E95D61EC355257"
            },
            "t": 1601060852,
            "unreadCount": 0,
            "archive": false,
            "isReadOnly": false,
            "muteExpiration": 0,
            "notSpam": false,
            "pin": 0,
            "msgs": null,
            "kind": "chat",
            "isGroup": false,
            "formattedTitle": "+55 34 8419-0903",
            "contact": {
                "id": "553484190903@c.us",
                "pushname": "Luciola Veloso",
                "type": "in",
                "isBusiness": false,
                "isEnterprise": false,
                "statusMute": false,
                "labels": [
                ],
                "formattedName": "+55 34 8419-0903",
                "isMe": false,
                "isMyContact": false,
                "isPSA": false,
                "isUser": true,
                "isWAContact": true,
                "profilePicThumbObj": {
                    "eurl": "https:\/\/pps.whatsapp.net\/v\/t61.24694-24\/55963737_288754765376308_719555438969880576_n.jpg?oh=2383c1ba3fcf50ac29914d73147acacd&oe=5F87C12D",
                    "id": "553484190903@c.us",
                    "img": "https:\/\/web.whatsapp.com\/pp?e=https%3A%2F%2Fpps.whatsapp.net%2Fv%2Ft61.24694-24%2F55963737_288754765376308_719555438969880576_n.jpg%3Foh%3D2383c1ba3fcf50ac29914d73147acacd%26oe%3D5F87C12D&t=s&u=553484190903%40c.us&i=1542971533&n=TR6N6%2By116ub6uIbxXmM4MI10zCNXKBU2cGhEaubYc4%3D",
                    "imgFull": "https:\/\/web.whatsapp.com\/pp?e=https%3A%2F%2Fpps.whatsapp.net%2Fv%2Ft61.24694-24%2F55963737_288754765376308_719555438969880576_n.jpg%3Foh%3D2383c1ba3fcf50ac29914d73147acacd%26oe%3D5F87C12D&t=l&u=553484190903%40c.us&i=1542971533&n=TR6N6%2By116ub6uIbxXmM4MI10zCNXKBU2cGhEaubYc4%3D",
                    "raw": null,
                    "tag": "1542971533"
                },
                "msgs": null
            },
            "groupMetadata": null,
            "presence": {
                "id": "553484190903@c.us",
                "chatstates": [
                ]
            }
        },
        {
            "id": "553491587421@c.us",
            "pendingMsgs": false,
            "lastReceivedKey": {
                "fromMe": false,
                "remote": "553491587421@c.us",
                "id": "3EB02BCB9ABFB0E60C9F",
                "_serialized": "false_553491587421@c.us_3EB02BCB9ABFB0E60C9F"
            },
            "t": 1600803584,
            "unreadCount": 0,
            "archive": false,
            "isReadOnly": false,
            "muteExpiration": 0,
            "notSpam": true,
            "pin": 0,
            "msgs": null,
            "kind": "chat",
            "isGroup": false,
            "formattedTitle": "+55 34 9158-7421",
            "contact": {
                "id": "553491587421@c.us",
                "pushname": "Loja.softarena.com.br",
                "type": "in",
                "isBusiness": false,
                "isEnterprise": false,
                "statusMute": false,
                "labels": [
                ],
                "formattedName": "+55 34 9158-7421",
                "isMe": false,
                "isMyContact": false,
                "isPSA": false,
                "isUser": true,
                "isWAContact": true,
                "profilePicThumbObj": {
                    "eurl": "https:\/\/pps.whatsapp.net\/v\/t61.24694-24\/121056507_420507692261279_4150670700045282956_n.jpg?oh=a0c2780a2fa8b9086e677db62f09eac3&oe=5F88BFCC",
                    "id": "553491587421@c.us",
                    "img": "https:\/\/web.whatsapp.com\/pp?e=https%3A%2F%2Fpps.whatsapp.net%2Fv%2Ft61.24694-24%2F121056507_420507692261279_4150670700045282956_n.jpg%3Foh%3Da0c2780a2fa8b9086e677db62f09eac3%26oe%3D5F88BFCC&t=s&u=553491587421%40c.us&i=1602189921&n=fXbp7DQOLayz%2B0P5q%2FPXIZ%2BeCD%2FAtYpPim%2BO%2BUacEo8%3D",
                    "imgFull": "https:\/\/web.whatsapp.com\/pp?e=https%3A%2F%2Fpps.whatsapp.net%2Fv%2Ft61.24694-24%2F121056507_420507692261279_4150670700045282956_n.jpg%3Foh%3Da0c2780a2fa8b9086e677db62f09eac3%26oe%3D5F88BFCC&t=l&u=553491587421%40c.us&i=1602189921&n=fXbp7DQOLayz%2B0P5q%2FPXIZ%2BeCD%2FAtYpPim%2BO%2BUacEo8%3D",
                    "raw": null,
                    "tag": "1602189921"
                },
                "msgs": null
            },
            "groupMetadata": null,
            "presence": {
                "id": "553491587421@c.us",
                "chatstates": [
                ]
            }
        },
        {
            "id": "553891081469@c.us",
            "pendingMsgs": false,
            "lastReceivedKey": {
                "fromMe": true,
                "remote": "553891081469@c.us",
                "id": "E7776F92B7B33C5222E336FF2A58E75C",
                "_serialized": "true_553891081469@c.us_E7776F92B7B33C5222E336FF2A58E75C"
            },
            "t": 1600127639,
            "unreadCount": 0,
            "archive": false,
            "isReadOnly": false,
            "muteExpiration": 0,
            "name": "Lucas",
            "notSpam": true,
            "pin": 0,
            "msgs": null,
            "kind": "chat",
            "isGroup": false,
            "formattedTitle": "Lucas",
            "contact": {
                "id": "553891081469@c.us",
                "name": "Lucas",
                "shortName": "Lucas",
                "type": "in",
                "isBusiness": false,
                "isEnterprise": false,
                "statusMute": false,
                "labels": [
                ],
                "formattedName": "Lucas",
                "isMe": false,
                "isMyContact": true,
                "isPSA": false,
                "isUser": true,
                "isWAContact": true,
                "profilePicThumbObj": {
                    "eurl": "https:\/\/pps.whatsapp.net\/v\/t61.24694-24\/73409744_243826479915927_8058783533064377927_n.jpg?oh=c42972888cdca7e049fe979fbf6212a8&oe=5F87E625",
                    "id": "553891081469@c.us",
                    "img": "https:\/\/web.whatsapp.com\/pp?e=https%3A%2F%2Fpps.whatsapp.net%2Fv%2Ft61.24694-24%2F73409744_243826479915927_8058783533064377927_n.jpg%3Foh%3Dc42972888cdca7e049fe979fbf6212a8%26oe%3D5F87E625&t=s&u=553891081469%40c.us&i=1574260952&n=Lko4oqjaF%2B22ps8fpWOVk28zSSU7lUN72k6WEFSHlEM%3D",
                    "imgFull": "https:\/\/web.whatsapp.com\/pp?e=https%3A%2F%2Fpps.whatsapp.net%2Fv%2Ft61.24694-24%2F73409744_243826479915927_8058783533064377927_n.jpg%3Foh%3Dc42972888cdca7e049fe979fbf6212a8%26oe%3D5F87E625&t=l&u=553891081469%40c.us&i=1574260952&n=Lko4oqjaF%2B22ps8fpWOVk28zSSU7lUN72k6WEFSHlEM%3D",
                    "raw": null,
                    "tag": "1574260952"
                },
                "msgs": null
            },
            "groupMetadata": null,
            "presence": {
                "id": "553891081469@c.us",
                "chatstates": [
                ]
            }
        },
        {
            "id": "553498945449@c.us",
            "pendingMsgs": false,
            "lastReceivedKey": {
                "fromMe": true,
                "remote": "553498945449@c.us",
                "id": "3EB0E9E666A532575C14",
                "_serialized": "true_553498945449@c.us_3EB0E9E666A532575C14"
            },
            "t": 1598623114,
            "unreadCount": 0,
            "archive": false,
            "isReadOnly": false,
            "muteExpiration": 0,
            "notSpam": true,
            "pin": 0,
            "msgs": null,
            "kind": "chat",
            "isGroup": false,
            "formattedTitle": "+55 34 9894-5449",
            "contact": {
                "id": "553498945449@c.us",
                "pushname": "28409",
                "type": "in",
                "isBusiness": false,
                "isEnterprise": false,
                "statusMute": false,
                "labels": [
                ],
                "formattedName": "+55 34 9894-5449",
                "isMe": false,
                "isMyContact": false,
                "isPSA": false,
                "isUser": true,
                "isWAContact": true,
                "profilePicThumbObj": {
                    "eurl": "https:\/\/pps.whatsapp.net\/v\/t61.24694-24\/120985976_1554644311387876_6891026659325869571_n.jpg?oh=ce1a6cb24a40e04c1c911ee089f370cd&oe=5F889C09",
                    "id": "553498945449@c.us",
                    "img": "https:\/\/web.whatsapp.com\/pp?e=https%3A%2F%2Fpps.whatsapp.net%2Fv%2Ft61.24694-24%2F120985976_1554644311387876_6891026659325869571_n.jpg%3Foh%3Dce1a6cb24a40e04c1c911ee089f370cd%26oe%3D5F889C09&t=s&u=553498945449%40c.us&i=1602098629&n=bZPQE2W6Lv5VtBJpYSArXZ24cf0iUxu39pDbe4ZmH00%3D",
                    "imgFull": "https:\/\/web.whatsapp.com\/pp?e=https%3A%2F%2Fpps.whatsapp.net%2Fv%2Ft61.24694-24%2F120985976_1554644311387876_6891026659325869571_n.jpg%3Foh%3Dce1a6cb24a40e04c1c911ee089f370cd%26oe%3D5F889C09&t=l&u=553498945449%40c.us&i=1602098629&n=bZPQE2W6Lv5VtBJpYSArXZ24cf0iUxu39pDbe4ZmH00%3D",
                    "raw": null,
                    "tag": "1602098629"
                },
                "msgs": null
            },
            "groupMetadata": null,
            "presence": {
                "id": "553498945449@c.us",
                "chatstates": [
                ]
            }
        }
    ]
}
[11/10/20 20:31:55 - TResultQRCodeClass]  
{
    "result": [
    ]
}